0 1439.85592796
1000 1624.288
2000 1674.784
3000 1590.624
4000 1910.432
5000 1397.056
6000 1590.624
7000 1590.624
8000 1733.696
9000 1565.376
10000 1556.96
11000 1632.704
12000 1632.704
13000 1758.944
14000 1716.864
15000 1750.528
16000 1363.392
17000 1809.44
18000 1472.8
19000 1439.136
20000 1843.104
21000 1489.632
22000 1683.2
23000 1683.2
24000 1523.296
25000 1632.704
26000 1708.448
27000 1565.376
28000 1649.536
29000 1708.448
30000 1615.872
31000 1472.8
32000 1767.36
33000 1582.208
34000 1472.8
35000 1725.28
36000 1700.032
37000 1514.88
38000 1523.296
39000 1523.296
40000 1674.784
41000 1624.288
42000 1514.88
43000 1540.128
44000 1531.712
45000 1624.288
46000 1506.464
47000 1615.872
48000 1565.376
49000 1607.456
50000 1641.12
51000 1683.2
52000 1363.392
53000 1792.608
54000 1506.464
55000 1725.28
56000 1573.792
57000 1489.632
58000 1809.44
59000 1641.12
60000 1649.536
61000 1792.608
62000 1716.864
63000 1691.616
64000 1531.712
65000 1716.864
66000 1573.792
67000 1556.96
68000 1464.384
69000 1708.448
70000 1464.384
71000 1657.952
72000 1624.288
73000 1514.88
74000 1725.28
75000 1775.776
76000 1674.784
77000 1632.704
78000 1548.544
79000 1683.2
80000 1531.712
81000 1514.88
82000 1960.928
83000 1649.536
84000 1514.88
85000 1632.704
86000 1657.952
87000 1481.216
88000 1893.6
89000 1573.792
90000 2028.256
91000 1540.128
92000 1927.264
93000 1523.296
94000 1607.456
95000 1641.12
96000 1691.616
